<?xml version="1.0" encoding="UTF-8"?>
<testng-results skipped="1" failed="2" ignored="0" total="3" passed="0">
  <reporter-output>
    <line>
      <![CDATA[captureScreen method called]]>
    </line>
    <line>
      <![CDATA[<a href='C:\Users\sanjit sahoo\git\repo1\latestPageObjectModelFramework-master\src\main\resources\screenShots\blank_04_03_2021_03_26_47.png'><img src='C:\Users\sanjit sahoo\git\repo1\latestPageObjectModelFramework-master\src\main\resources\screenShots\blank_04_03_2021_03_26_47.png'height='100' width='100'/></a>]]>
    </line>
    <line>
      <![CDATA[captureScreen method called]]>
    </line>
    <line>
      <![CDATA[<a href='C:\Users\sanjit sahoo\git\repo1\latestPageObjectModelFramework-master\src\main\resources\screenShots\loginTest_04_03_2021_03_26_52.png'><img src='C:\Users\sanjit sahoo\git\repo1\latestPageObjectModelFramework-master\src\main\resources\screenShots\loginTest_04_03_2021_03_26_52.png'height='100' width='100'/></a>]]>
    </line>
    <line>
      <![CDATA[captureScreen method called]]>
    </line>
    <line>
      <![CDATA[<a href='C:\Users\sanjit sahoo\git\repo1\latestPageObjectModelFramework-master\src\main\resources\screenShots\loginTest_04_03_2021_03_28_54.png'><img src='C:\Users\sanjit sahoo\git\repo1\latestPageObjectModelFramework-master\src\main\resources\screenShots\loginTest_04_03_2021_03_28_54.png'height='100' width='100'/></a>]]>
    </line>
  </reporter-output>
  <suite name="Default suite" duration-ms="161659" started-at="2021-03-04T15:26:14 IST" finished-at="2021-03-04T15:28:55 IST">
    <groups>
    </groups>
    <test name="Default test" duration-ms="161659" started-at="2021-03-04T15:26:14 IST" finished-at="2021-03-04T15:28:55 IST">
      <class name="com.uiFramework.company.Eruinmart.testScripts.loginPage.LoginTestWithDataDrivenApproach">
        <test-method status="PASS" signature="beforeSuite()[pri:0, instance:com.uiFramework.company.Eruinmart.testScripts.loginPage.LoginTestWithDataDrivenApproach@1a3869f4]" name="beforeSuite" is-config="true" duration-ms="232" started-at="2021-03-04T15:26:14 IST" finished-at="2021-03-04T15:26:14 IST">
          <reporter-output>
          </reporter-output>
        </test-method> <!-- beforeSuite -->
        <test-method status="PASS" signature="beforeTest()[pri:0, instance:com.uiFramework.company.Eruinmart.testScripts.loginPage.LoginTestWithDataDrivenApproach@1a3869f4]" name="beforeTest" is-config="true" duration-ms="7602" started-at="2021-03-04T15:26:14 IST" finished-at="2021-03-04T15:26:21 IST">
          <reporter-output>
          </reporter-output>
        </test-method> <!-- beforeTest -->
        <test-method status="PASS" signature="beforeClass()[pri:0, instance:com.uiFramework.company.Eruinmart.testScripts.loginPage.LoginTestWithDataDrivenApproach@1a3869f4]" name="beforeClass" is-config="true" duration-ms="26289" started-at="2021-03-04T15:26:21 IST" finished-at="2021-03-04T15:26:48 IST">
          <reporter-output>
            <line>
              <![CDATA[captureScreen method called]]>
            </line>
            <line>
              <![CDATA[<a href='C:\Users\sanjit sahoo\git\repo1\latestPageObjectModelFramework-master\src\main\resources\screenShots\blank_04_03_2021_03_26_47.png'><img src='C:\Users\sanjit sahoo\git\repo1\latestPageObjectModelFramework-master\src\main\resources\screenShots\blank_04_03_2021_03_26_47.png'height='100' width='100'/></a>]]>
            </line>
          </reporter-output>
        </test-method> <!-- beforeClass -->
        <test-method status="PASS" signature="beforeMethod(java.lang.reflect.Method)[pri:0, instance:com.uiFramework.company.Eruinmart.testScripts.loginPage.LoginTestWithDataDrivenApproach@1a3869f4]" name="beforeMethod" is-config="true" duration-ms="4" started-at="2021-03-04T15:26:49 IST" finished-at="2021-03-04T15:26:49 IST">
          <params>
            <param index="0">
              <value>
                <![CDATA[public void com.uiFramework.company.Eruinmart.testScripts.loginPage.LoginTestWithDataDrivenApproach.loginTest(java.lang.String,java.lang.String,java.lang.String) throws java.lang.InterruptedException]]>
              </value>
            </param>
          </params>
          <reporter-output>
          </reporter-output>
        </test-method> <!-- beforeMethod -->
        <test-method status="FAIL" signature="loginTest(java.lang.String, java.lang.String, java.lang.String)[pri:0, instance:com.uiFramework.company.Eruinmart.testScripts.loginPage.LoginTestWithDataDrivenApproach@1a3869f4]" name="loginTest" duration-ms="3098" started-at="2021-03-04T15:26:49 IST" data-provider="testData" finished-at="2021-03-04T15:26:52 IST">
          <params>
            <param index="0">
              <value>
                <![CDATA[sanjitsanju1996@gmail.com]]>
              </value>
            </param>
            <param index="1">
              <value>
                <![CDATA[Sanju@12]]>
              </value>
            </param>
            <param index="2">
              <value>
                <![CDATA[Y]]>
              </value>
            </param>
          </params>
          <exception class="org.openqa.selenium.InvalidSelectorException">
            <message>
              <![CDATA[invalid selector: Unable to locate an element with the xpath expression (//span[contains(text(),'sssm sahoo')] because of the following error:
SyntaxError: Failed to execute 'evaluate' on 'Document': The string '(//span[contains(text(),'sssm sahoo')]' is not a valid XPath expression.
  (Session info: chrome=88.0.4324.190)
For documentation on this error, please visit: https://www.seleniumhq.org/exceptions/invalid_selector_exception.html
Build info: version: '3.141.59', revision: 'e82be7d358', time: '2018-11-14T08:17:03'
System info: host: 'LAPTOP-BNLU8FNL', ip: '192.168.43.6', os.name: 'Windows 10', os.arch: 'amd64', os.version: '10.0', java.version: '1.8.0_251'
Driver info: org.openqa.selenium.chrome.ChromeDriver
Capabilities {acceptInsecureCerts: false, browserName: chrome, browserVersion: 88.0.4324.190, chrome: {chromedriverVersion: 87.0.4280.88 (89e2380a3e36c..., userDataDir: C:\Users\SANJIT~1\AppData\L...}, goog:chromeOptions: {debuggerAddress: localhost:64115}, javascriptEnabled: true, networkConnectionEnabled: false, pageLoadStrategy: normal, platform: WINDOWS, platformName: WINDOWS, proxy: Proxy(), setWindowRect: true, strictFileInteractability: false, timeouts: {implicit: 0, pageLoad: 300000, script: 30000}, unhandledPromptBehavior: dismiss and notify, webauthn:virtualAuthenticators: true}
Session ID: fe3f220bc0f2a23eda463a81f09a4678
*** Element info: {Using=xpath, value=(//span[contains(text(),'sssm sahoo')]}]]>
            </message>
            <full-stacktrace>
              <![CDATA[org.openqa.selenium.InvalidSelectorException: invalid selector: Unable to locate an element with the xpath expression (//span[contains(text(),'sssm sahoo')] because of the following error:
SyntaxError: Failed to execute 'evaluate' on 'Document': The string '(//span[contains(text(),'sssm sahoo')]' is not a valid XPath expression.
  (Session info: chrome=88.0.4324.190)
For documentation on this error, please visit: https://www.seleniumhq.org/exceptions/invalid_selector_exception.html
Build info: version: '3.141.59', revision: 'e82be7d358', time: '2018-11-14T08:17:03'
System info: host: 'LAPTOP-BNLU8FNL', ip: '192.168.43.6', os.name: 'Windows 10', os.arch: 'amd64', os.version: '10.0', java.version: '1.8.0_251'
Driver info: org.openqa.selenium.chrome.ChromeDriver
Capabilities {acceptInsecureCerts: false, browserName: chrome, browserVersion: 88.0.4324.190, chrome: {chromedriverVersion: 87.0.4280.88 (89e2380a3e36c..., userDataDir: C:\Users\SANJIT~1\AppData\L...}, goog:chromeOptions: {debuggerAddress: localhost:64115}, javascriptEnabled: true, networkConnectionEnabled: false, pageLoadStrategy: normal, platform: WINDOWS, platformName: WINDOWS, proxy: Proxy(), setWindowRect: true, strictFileInteractability: false, timeouts: {implicit: 0, pageLoad: 300000, script: 30000}, unhandledPromptBehavior: dismiss and notify, webauthn:virtualAuthenticators: true}
Session ID: fe3f220bc0f2a23eda463a81f09a4678
*** Element info: {Using=xpath, value=(//span[contains(text(),'sssm sahoo')]}
at sun.reflect.NativeConstructorAccessorImpl.newInstance0(Native Method)
at sun.reflect.NativeConstructorAccessorImpl.newInstance(NativeConstructorAccessorImpl.java:62)
at sun.reflect.DelegatingConstructorAccessorImpl.newInstance(DelegatingConstructorAccessorImpl.java:45)
at java.lang.reflect.Constructor.newInstance(Constructor.java:423)
at org.openqa.selenium.remote.http.W3CHttpResponseCodec.createException(W3CHttpResponseCodec.java:187)
at org.openqa.selenium.remote.http.W3CHttpResponseCodec.decode(W3CHttpResponseCodec.java:122)
at org.openqa.selenium.remote.http.W3CHttpResponseCodec.decode(W3CHttpResponseCodec.java:49)
at org.openqa.selenium.remote.HttpCommandExecutor.execute(HttpCommandExecutor.java:158)
at org.openqa.selenium.remote.service.DriverCommandExecutor.execute(DriverCommandExecutor.java:83)
at org.openqa.selenium.remote.RemoteWebDriver.execute(RemoteWebDriver.java:552)
at org.openqa.selenium.remote.RemoteWebDriver.findElement(RemoteWebDriver.java:323)
at org.openqa.selenium.remote.RemoteWebDriver.findElementByXPath(RemoteWebDriver.java:428)
at org.openqa.selenium.By$ByXPath.findElement(By.java:353)
at org.openqa.selenium.remote.RemoteWebDriver.findElement(RemoteWebDriver.java:315)
at org.openqa.selenium.support.pagefactory.DefaultElementLocator.findElement(DefaultElementLocator.java:69)
at org.openqa.selenium.support.pagefactory.internal.LocatingElementHandler.invoke(LocatingElementHandler.java:38)
at com.sun.proxy.$Proxy14.click(Unknown Source)
at com.uiFramework.company.Eruinmart.pageObject.LoginPage.logout(LoginPage.java:83)
at com.uiFramework.company.Eruinmart.testScripts.loginPage.LoginTestWithDataDrivenApproach.loginTest(LoginTestWithDataDrivenApproach.java:41)
at sun.reflect.NativeMethodAccessorImpl.invoke0(Native Method)
at sun.reflect.NativeMethodAccessorImpl.invoke(NativeMethodAccessorImpl.java:62)
at sun.reflect.DelegatingMethodAccessorImpl.invoke(DelegatingMethodAccessorImpl.java:43)
at java.lang.reflect.Method.invoke(Method.java:498)
at org.testng.internal.MethodInvocationHelper.invokeMethod(MethodInvocationHelper.java:132)
at org.testng.internal.TestInvoker.invokeMethod(TestInvoker.java:599)
at org.testng.internal.TestInvoker.invokeTestMethod(TestInvoker.java:174)
at org.testng.internal.MethodRunner.runInSequence(MethodRunner.java:46)
at org.testng.internal.TestInvoker$MethodInvocationAgent.invoke(TestInvoker.java:822)
at org.testng.internal.TestInvoker.invokeTestMethods(TestInvoker.java:147)
at org.testng.internal.TestMethodWorker.invokeTestMethods(TestMethodWorker.java:146)
at org.testng.internal.TestMethodWorker.run(TestMethodWorker.java:128)
at java.util.ArrayList.forEach(ArrayList.java:1257)
at org.testng.TestRunner.privateRun(TestRunner.java:764)
at org.testng.TestRunner.run(TestRunner.java:585)
at org.testng.SuiteRunner.runTest(SuiteRunner.java:384)
at org.testng.SuiteRunner.runSequentially(SuiteRunner.java:378)
at org.testng.SuiteRunner.privateRun(SuiteRunner.java:337)
at org.testng.SuiteRunner.run(SuiteRunner.java:286)
at org.testng.SuiteRunnerWorker.runSuite(SuiteRunnerWorker.java:53)
at org.testng.SuiteRunnerWorker.run(SuiteRunnerWorker.java:96)
at org.testng.TestNG.runSuitesSequentially(TestNG.java:1218)
at org.testng.TestNG.runSuitesLocally(TestNG.java:1140)
at org.testng.TestNG.runSuites(TestNG.java:1069)
at org.testng.TestNG.run(TestNG.java:1037)
at org.testng.remote.AbstractRemoteTestNG.run(AbstractRemoteTestNG.java:115)
at org.testng.remote.RemoteTestNG.initAndRun(RemoteTestNG.java:251)
at org.testng.remote.RemoteTestNG.main(RemoteTestNG.java:77)
]]>
            </full-stacktrace>
          </exception> <!-- org.openqa.selenium.InvalidSelectorException -->
          <reporter-output>
          </reporter-output>
        </test-method> <!-- loginTest -->
        <test-method status="PASS" signature="afterMethod(org.testng.ITestResult)[pri:0, instance:com.uiFramework.company.Eruinmart.testScripts.loginPage.LoginTestWithDataDrivenApproach@1a3869f4]" name="afterMethod" is-config="true" duration-ms="1175" started-at="2021-03-04T15:26:52 IST" finished-at="2021-03-04T15:26:53 IST">
          <params>
            <param index="0">
              <value>
                <![CDATA[[TestResult name=loginTest status=FAILURE method=LoginTestWithDataDrivenApproach.loginTest(java.lang.String, java.lang.String, java.lang.String)[pri:0, instance:com.uiFramework.company.Eruinmart.testScripts.loginPage.LoginTestWithDataDrivenApproach@1a3869f4] output={null}]]]>
              </value>
            </param>
          </params>
          <reporter-output>
            <line>
              <![CDATA[captureScreen method called]]>
            </line>
            <line>
              <![CDATA[<a href='C:\Users\sanjit sahoo\git\repo1\latestPageObjectModelFramework-master\src\main\resources\screenShots\loginTest_04_03_2021_03_26_52.png'><img src='C:\Users\sanjit sahoo\git\repo1\latestPageObjectModelFramework-master\src\main\resources\screenShots\loginTest_04_03_2021_03_26_52.png'height='100' width='100'/></a>]]>
            </line>
          </reporter-output>
        </test-method> <!-- afterMethod -->
        <test-method status="PASS" signature="beforeMethod(java.lang.reflect.Method)[pri:0, instance:com.uiFramework.company.Eruinmart.testScripts.loginPage.LoginTestWithDataDrivenApproach@1a3869f4]" name="beforeMethod" is-config="true" duration-ms="4" started-at="2021-03-04T15:26:53 IST" finished-at="2021-03-04T15:26:53 IST">
          <params>
            <param index="0">
              <value>
                <![CDATA[public void com.uiFramework.company.Eruinmart.testScripts.loginPage.LoginTestWithDataDrivenApproach.loginTest(java.lang.String,java.lang.String,java.lang.String) throws java.lang.InterruptedException]]>
              </value>
            </param>
          </params>
          <reporter-output>
          </reporter-output>
        </test-method> <!-- beforeMethod -->
        <test-method status="FAIL" signature="loginTest(java.lang.String, java.lang.String, java.lang.String)[pri:0, instance:com.uiFramework.company.Eruinmart.testScripts.loginPage.LoginTestWithDataDrivenApproach@1a3869f4]" name="loginTest" duration-ms="120143" started-at="2021-03-04T15:26:53 IST" data-provider="testData" finished-at="2021-03-04T15:28:54 IST">
          <params>
            <param index="0">
              <value>
                <![CDATA[sanjitsanju1996@gmail.com]]>
              </value>
            </param>
            <param index="1">
              <value>
                <![CDATA[Sanju@12]]>
              </value>
            </param>
            <param index="2">
              <value>
                <![CDATA[Y]]>
              </value>
            </param>
          </params>
          <exception class="org.openqa.selenium.ElementNotInteractableException">
            <message>
              <![CDATA[element not interactable
  (Session info: chrome=88.0.4324.190)
Build info: version: '3.141.59', revision: 'e82be7d358', time: '2018-11-14T08:17:03'
System info: host: 'LAPTOP-BNLU8FNL', ip: '192.168.43.6', os.name: 'Windows 10', os.arch: 'amd64', os.version: '10.0', java.version: '1.8.0_251'
Driver info: org.openqa.selenium.chrome.ChromeDriver
Capabilities {acceptInsecureCerts: false, browserName: chrome, browserVersion: 88.0.4324.190, chrome: {chromedriverVersion: 87.0.4280.88 (89e2380a3e36c..., userDataDir: C:\Users\SANJIT~1\AppData\L...}, goog:chromeOptions: {debuggerAddress: localhost:64115}, javascriptEnabled: true, networkConnectionEnabled: false, pageLoadStrategy: normal, platform: WINDOWS, platformName: WINDOWS, proxy: Proxy(), setWindowRect: true, strictFileInteractability: false, timeouts: {implicit: 0, pageLoad: 300000, script: 30000}, unhandledPromptBehavior: dismiss and notify, webauthn:virtualAuthenticators: true}
Session ID: fe3f220bc0f2a23eda463a81f09a4678]]>
            </message>
            <full-stacktrace>
              <![CDATA[org.openqa.selenium.ElementNotInteractableException: element not interactable
  (Session info: chrome=88.0.4324.190)
Build info: version: '3.141.59', revision: 'e82be7d358', time: '2018-11-14T08:17:03'
System info: host: 'LAPTOP-BNLU8FNL', ip: '192.168.43.6', os.name: 'Windows 10', os.arch: 'amd64', os.version: '10.0', java.version: '1.8.0_251'
Driver info: org.openqa.selenium.chrome.ChromeDriver
Capabilities {acceptInsecureCerts: false, browserName: chrome, browserVersion: 88.0.4324.190, chrome: {chromedriverVersion: 87.0.4280.88 (89e2380a3e36c..., userDataDir: C:\Users\SANJIT~1\AppData\L...}, goog:chromeOptions: {debuggerAddress: localhost:64115}, javascriptEnabled: true, networkConnectionEnabled: false, pageLoadStrategy: normal, platform: WINDOWS, platformName: WINDOWS, proxy: Proxy(), setWindowRect: true, strictFileInteractability: false, timeouts: {implicit: 0, pageLoad: 300000, script: 30000}, unhandledPromptBehavior: dismiss and notify, webauthn:virtualAuthenticators: true}
Session ID: fe3f220bc0f2a23eda463a81f09a4678
at sun.reflect.NativeConstructorAccessorImpl.newInstance0(Native Method)
at sun.reflect.NativeConstructorAccessorImpl.newInstance(NativeConstructorAccessorImpl.java:62)
at sun.reflect.DelegatingConstructorAccessorImpl.newInstance(DelegatingConstructorAccessorImpl.java:45)
at java.lang.reflect.Constructor.newInstance(Constructor.java:423)
at org.openqa.selenium.remote.http.W3CHttpResponseCodec.createException(W3CHttpResponseCodec.java:187)
at org.openqa.selenium.remote.http.W3CHttpResponseCodec.decode(W3CHttpResponseCodec.java:122)
at org.openqa.selenium.remote.http.W3CHttpResponseCodec.decode(W3CHttpResponseCodec.java:49)
at org.openqa.selenium.remote.HttpCommandExecutor.execute(HttpCommandExecutor.java:158)
at org.openqa.selenium.remote.service.DriverCommandExecutor.execute(DriverCommandExecutor.java:83)
at org.openqa.selenium.remote.RemoteWebDriver.execute(RemoteWebDriver.java:552)
at org.openqa.selenium.remote.RemoteWebElement.execute(RemoteWebElement.java:285)
at org.openqa.selenium.remote.RemoteWebElement.sendKeys(RemoteWebElement.java:106)
at sun.reflect.NativeMethodAccessorImpl.invoke0(Native Method)
at sun.reflect.NativeMethodAccessorImpl.invoke(NativeMethodAccessorImpl.java:62)
at sun.reflect.DelegatingMethodAccessorImpl.invoke(DelegatingMethodAccessorImpl.java:43)
at java.lang.reflect.Method.invoke(Method.java:498)
at org.openqa.selenium.support.pagefactory.internal.LocatingElementHandler.invoke(LocatingElementHandler.java:51)
at com.sun.proxy.$Proxy14.sendKeys(Unknown Source)
at com.uiFramework.company.Eruinmart.pageObject.LoginPage.enterEmailAddress(LoginPage.java:56)
at com.uiFramework.company.Eruinmart.pageObject.LoginPage.loginToApplication(LoginPage.java:78)
at com.uiFramework.company.Eruinmart.testScripts.loginPage.LoginTestWithDataDrivenApproach.loginTest(LoginTestWithDataDrivenApproach.java:37)
at sun.reflect.NativeMethodAccessorImpl.invoke0(Native Method)
at sun.reflect.NativeMethodAccessorImpl.invoke(NativeMethodAccessorImpl.java:62)
at sun.reflect.DelegatingMethodAccessorImpl.invoke(DelegatingMethodAccessorImpl.java:43)
at java.lang.reflect.Method.invoke(Method.java:498)
at org.testng.internal.MethodInvocationHelper.invokeMethod(MethodInvocationHelper.java:132)
at org.testng.internal.TestInvoker.invokeMethod(TestInvoker.java:599)
at org.testng.internal.TestInvoker.invokeTestMethod(TestInvoker.java:174)
at org.testng.internal.MethodRunner.runInSequence(MethodRunner.java:46)
at org.testng.internal.TestInvoker$MethodInvocationAgent.invoke(TestInvoker.java:822)
at org.testng.internal.TestInvoker.invokeTestMethods(TestInvoker.java:147)
at org.testng.internal.TestMethodWorker.invokeTestMethods(TestMethodWorker.java:146)
at org.testng.internal.TestMethodWorker.run(TestMethodWorker.java:128)
at java.util.ArrayList.forEach(ArrayList.java:1257)
at org.testng.TestRunner.privateRun(TestRunner.java:764)
at org.testng.TestRunner.run(TestRunner.java:585)
at org.testng.SuiteRunner.runTest(SuiteRunner.java:384)
at org.testng.SuiteRunner.runSequentially(SuiteRunner.java:378)
at org.testng.SuiteRunner.privateRun(SuiteRunner.java:337)
at org.testng.SuiteRunner.run(SuiteRunner.java:286)
at org.testng.SuiteRunnerWorker.runSuite(SuiteRunnerWorker.java:53)
at org.testng.SuiteRunnerWorker.run(SuiteRunnerWorker.java:96)
at org.testng.TestNG.runSuitesSequentially(TestNG.java:1218)
at org.testng.TestNG.runSuitesLocally(TestNG.java:1140)
at org.testng.TestNG.runSuites(TestNG.java:1069)
at org.testng.TestNG.run(TestNG.java:1037)
at org.testng.remote.AbstractRemoteTestNG.run(AbstractRemoteTestNG.java:115)
at org.testng.remote.RemoteTestNG.initAndRun(RemoteTestNG.java:251)
at org.testng.remote.RemoteTestNG.main(RemoteTestNG.java:77)
]]>
            </full-stacktrace>
          </exception> <!-- org.openqa.selenium.ElementNotInteractableException -->
          <reporter-output>
          </reporter-output>
        </test-method> <!-- loginTest -->
        <test-method status="PASS" signature="afterMethod(org.testng.ITestResult)[pri:0, instance:com.uiFramework.company.Eruinmart.testScripts.loginPage.LoginTestWithDataDrivenApproach@1a3869f4]" name="afterMethod" is-config="true" duration-ms="624" started-at="2021-03-04T15:28:54 IST" finished-at="2021-03-04T15:28:54 IST">
          <params>
            <param index="0">
              <value>
                <![CDATA[[TestResult name=loginTest status=FAILURE method=LoginTestWithDataDrivenApproach.loginTest(java.lang.String, java.lang.String, java.lang.String)[pri:0, instance:com.uiFramework.company.Eruinmart.testScripts.loginPage.LoginTestWithDataDrivenApproach@1a3869f4] output={null}]]]>
              </value>
            </param>
          </params>
          <reporter-output>
            <line>
              <![CDATA[captureScreen method called]]>
            </line>
            <line>
              <![CDATA[<a href='C:\Users\sanjit sahoo\git\repo1\latestPageObjectModelFramework-master\src\main\resources\screenShots\loginTest_04_03_2021_03_28_54.png'><img src='C:\Users\sanjit sahoo\git\repo1\latestPageObjectModelFramework-master\src\main\resources\screenShots\loginTest_04_03_2021_03_28_54.png'height='100' width='100'/></a>]]>
            </line>
          </reporter-output>
        </test-method> <!-- afterMethod -->
        <test-method status="PASS" signature="beforeMethod(java.lang.reflect.Method)[pri:0, instance:com.uiFramework.company.Eruinmart.testScripts.loginPage.LoginTestWithDataDrivenApproach@1a3869f4]" name="beforeMethod" is-config="true" duration-ms="0" started-at="2021-03-04T15:28:54 IST" finished-at="2021-03-04T15:28:54 IST">
          <params>
            <param index="0">
              <value>
                <![CDATA[public void com.uiFramework.company.Eruinmart.testScripts.loginPage.LoginTestWithDataDrivenApproach.loginTest(java.lang.String,java.lang.String,java.lang.String) throws java.lang.InterruptedException]]>
              </value>
            </param>
          </params>
          <reporter-output>
          </reporter-output>
        </test-method> <!-- beforeMethod -->
        <test-method status="SKIP" signature="loginTest(java.lang.String, java.lang.String, java.lang.String)[pri:0, instance:com.uiFramework.company.Eruinmart.testScripts.loginPage.LoginTestWithDataDrivenApproach@1a3869f4]" name="loginTest" duration-ms="0" started-at="2021-03-04T15:28:54 IST" data-provider="testData" finished-at="2021-03-04T15:28:54 IST">
          <params>
            <param index="0">
              <value>
                <![CDATA[sanjitsanju1996@gmail.com]]>
              </value>
            </param>
            <param index="1">
              <value>
                <![CDATA[Sanju@14]]>
              </value>
            </param>
            <param index="2">
              <value>
                <![CDATA[N]]>
              </value>
            </param>
          </params>
          <exception class="org.testng.SkipException">
            <message>
              <![CDATA[Run mode for this set of data is marked N]]>
            </message>
            <full-stacktrace>
              <![CDATA[org.testng.SkipException: Run mode for this set of data is marked N
at com.uiFramework.company.Eruinmart.testScripts.loginPage.LoginTestWithDataDrivenApproach.loginTest(LoginTestWithDataDrivenApproach.java:35)
at sun.reflect.NativeMethodAccessorImpl.invoke0(Native Method)
at sun.reflect.NativeMethodAccessorImpl.invoke(NativeMethodAccessorImpl.java:62)
at sun.reflect.DelegatingMethodAccessorImpl.invoke(DelegatingMethodAccessorImpl.java:43)
at java.lang.reflect.Method.invoke(Method.java:498)
at org.testng.internal.MethodInvocationHelper.invokeMethod(MethodInvocationHelper.java:132)
at org.testng.internal.TestInvoker.invokeMethod(TestInvoker.java:599)
at org.testng.internal.TestInvoker.invokeTestMethod(TestInvoker.java:174)
at org.testng.internal.MethodRunner.runInSequence(MethodRunner.java:46)
at org.testng.internal.TestInvoker$MethodInvocationAgent.invoke(TestInvoker.java:822)
at org.testng.internal.TestInvoker.invokeTestMethods(TestInvoker.java:147)
at org.testng.internal.TestMethodWorker.invokeTestMethods(TestMethodWorker.java:146)
at org.testng.internal.TestMethodWorker.run(TestMethodWorker.java:128)
at java.util.ArrayList.forEach(ArrayList.java:1257)
at org.testng.TestRunner.privateRun(TestRunner.java:764)
at org.testng.TestRunner.run(TestRunner.java:585)
at org.testng.SuiteRunner.runTest(SuiteRunner.java:384)
at org.testng.SuiteRunner.runSequentially(SuiteRunner.java:378)
at org.testng.SuiteRunner.privateRun(SuiteRunner.java:337)
at org.testng.SuiteRunner.run(SuiteRunner.java:286)
at org.testng.SuiteRunnerWorker.runSuite(SuiteRunnerWorker.java:53)
at org.testng.SuiteRunnerWorker.run(SuiteRunnerWorker.java:96)
at org.testng.TestNG.runSuitesSequentially(TestNG.java:1218)
at org.testng.TestNG.runSuitesLocally(TestNG.java:1140)
at org.testng.TestNG.runSuites(TestNG.java:1069)
at org.testng.TestNG.run(TestNG.java:1037)
at org.testng.remote.AbstractRemoteTestNG.run(AbstractRemoteTestNG.java:115)
at org.testng.remote.RemoteTestNG.initAndRun(RemoteTestNG.java:251)
at org.testng.remote.RemoteTestNG.main(RemoteTestNG.java:77)
]]>
            </full-stacktrace>
          </exception> <!-- org.testng.SkipException -->
          <reporter-output>
          </reporter-output>
        </test-method> <!-- loginTest -->
        <test-method status="PASS" signature="afterMethod(org.testng.ITestResult)[pri:0, instance:com.uiFramework.company.Eruinmart.testScripts.loginPage.LoginTestWithDataDrivenApproach@1a3869f4]" name="afterMethod" is-config="true" duration-ms="113" started-at="2021-03-04T15:28:54 IST" finished-at="2021-03-04T15:28:54 IST">
          <params>
            <param index="0">
              <value>
                <![CDATA[[TestResult name=loginTest status=SKIP method=LoginTestWithDataDrivenApproach.loginTest(java.lang.String, java.lang.String, java.lang.String)[pri:0, instance:com.uiFramework.company.Eruinmart.testScripts.loginPage.LoginTestWithDataDrivenApproach@1a3869f4] output={null}]]]>
              </value>
            </param>
          </params>
          <reporter-output>
          </reporter-output>
        </test-method> <!-- afterMethod -->
        <test-method status="PASS" signature="afterTest()[pri:0, instance:com.uiFramework.company.Eruinmart.testScripts.loginPage.LoginTestWithDataDrivenApproach@1a3869f4]" name="afterTest" is-config="true" duration-ms="1182" started-at="2021-03-04T15:28:54 IST" finished-at="2021-03-04T15:28:55 IST">
          <reporter-output>
          </reporter-output>
        </test-method> <!-- afterTest -->
      </class> <!-- com.uiFramework.company.Eruinmart.testScripts.loginPage.LoginTestWithDataDrivenApproach -->
    </test> <!-- Default test -->
  </suite> <!-- Default suite -->
</testng-results>
